0 info it worked if it ends with ok
1 verbose cli [ '/usr/local/bin/node',
1 verbose cli   '/usr/local/bin/npm',
1 verbose cli   'install',
1 verbose cli   'webpack',
1 verbose cli   '-g' ]
2 info using npm@2.14.12
3 info using node@v4.2.4
4 verbose install initial load of /usr/local/lib/package.json
5 verbose readDependencies loading dependencies from /usr/local/lib/package.json
6 silly cache add args [ 'webpack', null ]
7 verbose cache add spec webpack
8 silly cache add parsed spec Result {
8 silly cache add   raw: 'webpack',
8 silly cache add   scope: null,
8 silly cache add   name: 'webpack',
8 silly cache add   rawSpec: '',
8 silly cache add   spec: 'latest',
8 silly cache add   type: 'tag' }
9 silly addNamed webpack@latest
10 verbose addNamed "latest" is being treated as a dist-tag for webpack
11 info addNameTag [ 'webpack', 'latest' ]
12 silly mapToRegistry name webpack
13 silly mapToRegistry using default registry
14 silly mapToRegistry registry https://registry.npmjs.org/
15 silly mapToRegistry uri https://registry.npmjs.org/webpack
16 verbose addNameTag registry:https://registry.npmjs.org/webpack not in flight; fetching
17 verbose request uri https://registry.npmjs.org/webpack
18 verbose request no auth needed
19 info attempt registry request try #1 at 3:34:49 PM
20 verbose request id 3856a6a14c5d8e80
21 verbose etag "80X3QK5BPRZ49D1TYK89UM8QE"
22 http request GET https://registry.npmjs.org/webpack
23 http 200 https://registry.npmjs.org/webpack
24 verbose headers { server: 'CouchDB/1.5.0 (Erlang OTP/R16B03)',
24 verbose headers   etag: '"5VAP4D085AIGSOKGVI8SGOMAH"',
24 verbose headers   'content-type': 'application/json',
24 verbose headers   'cache-control': 'max-age=300',
24 verbose headers   'content-length': '728432',
24 verbose headers   'accept-ranges': 'bytes',
24 verbose headers   date: 'Sun, 17 Jan 2016 23:34:49 GMT',
24 verbose headers   via: '1.1 varnish',
24 verbose headers   age: '283',
24 verbose headers   connection: 'keep-alive',
24 verbose headers   'x-served-by': 'cache-lax1421-LAX',
24 verbose headers   'x-cache': 'HIT',
24 verbose headers   'x-cache-hits': '4',
24 verbose headers   'x-timer': 'S1453073689.070811,VS0,VE0',
24 verbose headers   vary: 'Accept' }
25 silly get cb [ 200,
25 silly get   { server: 'CouchDB/1.5.0 (Erlang OTP/R16B03)',
25 silly get     etag: '"5VAP4D085AIGSOKGVI8SGOMAH"',
25 silly get     'content-type': 'application/json',
25 silly get     'cache-control': 'max-age=300',
25 silly get     'content-length': '728432',
25 silly get     'accept-ranges': 'bytes',
25 silly get     date: 'Sun, 17 Jan 2016 23:34:49 GMT',
25 silly get     via: '1.1 varnish',
25 silly get     age: '283',
25 silly get     connection: 'keep-alive',
25 silly get     'x-served-by': 'cache-lax1421-LAX',
25 silly get     'x-cache': 'HIT',
25 silly get     'x-cache-hits': '4',
25 silly get     'x-timer': 'S1453073689.070811,VS0,VE0',
25 silly get     vary: 'Accept' } ]
26 verbose get saving webpack to /Users/anna/.npm/registry.npmjs.org/webpack/.cache.json
27 silly addNameTag next cb for webpack with tag latest
28 silly addNamed webpack@1.12.11
29 verbose addNamed "1.12.11" is a plain semver version for webpack
30 silly cache afterAdd webpack@1.12.11
31 verbose afterAdd /Users/anna/.npm/webpack/1.12.11/package/package.json not in flight; writing
32 verbose afterAdd /Users/anna/.npm/webpack/1.12.11/package/package.json written
33 silly install resolved [ { name: 'webpack',
33 silly install resolved     version: '1.12.11',
33 silly install resolved     author: { name: 'Tobias Koppers @sokra' },
33 silly install resolved     description: 'Packs CommonJs/AMD modules for the browser. Allows to split your codebase into multiple bundles, which can be loaded on demand. Support loaders to preprocess files, i.e. json, jade, coffee, css, less, ... and your custom stuff.',
33 silly install resolved     dependencies:
33 silly install resolved      { async: '^1.3.0',
33 silly install resolved        clone: '^1.0.2',
33 silly install resolved        'enhanced-resolve': '~0.9.0',
33 silly install resolved        esprima: '^2.5.0',
33 silly install resolved        interpret: '^0.6.4',
33 silly install resolved        'loader-utils': '^0.2.11',
33 silly install resolved        'memory-fs': '~0.3.0',
33 silly install resolved        mkdirp: '~0.5.0',
33 silly install resolved        'node-libs-browser': '>= 0.4.0 <=0.6.0',
33 silly install resolved        optimist: '~0.6.0',
33 silly install resolved        'supports-color': '^3.1.0',
33 silly install resolved        tapable: '~0.1.8',
33 silly install resolved        'uglify-js': '~2.6.0',
33 silly install resolved        watchpack: '^0.2.1',
33 silly install resolved        'webpack-core': '~0.6.0' },
33 silly install resolved     license: 'MIT',
33 silly install resolved     devDependencies:
33 silly install resolved      { benchmark: '^1.0.0',
33 silly install resolved        'bundle-loader': '~0.5.0',
33 silly install resolved        'codecov.io': '^0.1.2',
33 silly install resolved        'coffee-loader': '~0.7.1',
33 silly install resolved        'coffee-script': '^1.10.0',
33 silly install resolved        'component-webpack-plugin': '~0.2.0',
33 silly install resolved        coveralls: '^2.11.2',
33 silly install resolved        'css-loader': '~0.15.0',
33 silly install resolved        diff: '^2.0.2',
33 silly install resolved        eslint: '^1.1.0',
33 silly install resolved        'eslint-plugin-nodeca': '^1.0.3',
33 silly install resolved        express: '~4.13.1',
33 silly install resolved        'extract-text-webpack-plugin': '~0.8.0',
33 silly install resolved        'file-loader': '~0.8.0',
33 silly install resolved        glob: '^5.0.14',
33 silly install resolved        'i18n-webpack-plugin': '~0.2.0',
33 silly install resolved        istanbul: '^0.3.13',
33 silly install resolved        jade: '^1.11.0',
33 silly install resolved        'jade-loader': '~0.7.0',
33 silly install resolved        'js-beautify': '^1.5.10',
33 silly install resolved        'json-loader': '~0.5.1',
33 silly install resolved        less: '^2.5.1',
33 silly install resolved        'less-loader': '^2.0.0',
33 silly install resolved        mocha: '~2.2.0',
33 silly install resolved        'mocha-lcov-reporter': '0.0.2',
33 silly install resolved        'raw-loader': '~0.5.0',
33 silly install resolved        'script-loader': '~0.6.0',
33 silly install resolved        should: '^7.0.2',
33 silly install resolved        'style-loader': '~0.12.0',
33 silly install resolved        'url-loader': '~0.5.0',
33 silly install resolved        'val-loader': '~0.5.0',
33 silly install resolved        'vm-browserify': '~0.0.0',
33 silly install resolved        'webpack-dev-middleware': '^1.0.0',
33 silly install resolved        'worker-loader': '~0.6.0' },
33 silly install resolved     engines: { node: '>=0.6' },
33 silly install resolved     repository:
33 silly install resolved      { type: 'git',
33 silly install resolved        url: 'git+https://github.com/webpack/webpack.git' },
33 silly install resolved     homepage: 'https://github.com/webpack/webpack',
33 silly install resolved     main: 'lib/webpack.js',
33 silly install resolved     web: 'lib/webpack.web.js',
33 silly install resolved     bin: { webpack: './bin/webpack.js' },
33 silly install resolved     files: [ 'lib/', 'bin/', 'buildin/', 'hot/', 'web_modules/' ],
33 silly install resolved     scripts:
33 silly install resolved      { pretest: 'npm run lint && npm run beautify-lint',
33 silly install resolved        test: 'mocha',
33 silly install resolved        travis: 'npm run cover -- --report lcovonly',
33 silly install resolved        lint: 'eslint lib bin hot scripts',
33 silly install resolved        'beautify-lint': 'node ./scripts/beautify-check',
33 silly install resolved        beautify: 'node ./scripts/beautify-rewrite',
33 silly install resolved        precover: 'npm run lint && npm run beautify-lint',
33 silly install resolved        cover: 'istanbul cover -x *.runtime.js node_modules/mocha/bin/_mocha',
33 silly install resolved        'publish-patch': 'npm run lint && npm run beautify-lint && mocha && npm version patch && git push && git push --tags && npm publish' },
33 silly install resolved     gitHead: 'ab433884f140d694241c54e9c6f9de7f049aec6d',
33 silly install resolved     bugs: { url: 'https://github.com/webpack/webpack/issues' },
33 silly install resolved     _id: 'webpack@1.12.11',
33 silly install resolved     _shasum: 'fc33e4139e32eb8e7d7e215089f9f482165cf5e8',
33 silly install resolved     _from: 'webpack@latest',
33 silly install resolved     _npmVersion: '2.10.1',
33 silly install resolved     _nodeVersion: '0.12.4',
33 silly install resolved     _npmUser: { name: 'sokra', email: 'tobias.koppers@googlemail.com' },
33 silly install resolved     maintainers: [ [Object] ],
33 silly install resolved     dist:
33 silly install resolved      { shasum: 'fc33e4139e32eb8e7d7e215089f9f482165cf5e8',
33 silly install resolved        tarball: 'http://registry.npmjs.org/webpack/-/webpack-1.12.11.tgz' },
33 silly install resolved     directories: {},
33 silly install resolved     _resolved: 'https://registry.npmjs.org/webpack/-/webpack-1.12.11.tgz',
33 silly install resolved     readme: 'ERROR: No README data found!' } ]
34 info install webpack@1.12.11 into /usr/local/lib
35 info installOne webpack@1.12.11
36 verbose installOne of webpack to /usr/local/lib not in flight; installing
37 verbose lock using /Users/anna/.npm/_locks/webpack-865c90cad072eb35.lock for /usr/local/lib/node_modules/webpack
38 silly install write writing webpack 1.12.11 to /usr/local/lib/node_modules/webpack
39 verbose unbuild lib/node_modules/webpack
40 silly gentlyRm /usr/local/lib/node_modules/webpack is being purged from base /usr/local
41 verbose gentlyRm don't care about contents; nuking /usr/local/lib/node_modules/webpack
42 verbose tar unpack /Users/anna/.npm/webpack/1.12.11/package.tgz
43 verbose tar unpacking to /usr/local/lib/node_modules/webpack
44 silly gentlyRm /usr/local/lib/node_modules/webpack is being purged
45 verbose gentlyRm don't care about contents; nuking /usr/local/lib/node_modules/webpack
46 silly gunzTarPerm modes [ '755', '644' ]
47 error tar.unpack untar error /Users/anna/.npm/webpack/1.12.11/package.tgz
48 verbose unlock done using /Users/anna/.npm/_locks/webpack-865c90cad072eb35.lock for /usr/local/lib/node_modules/webpack
49 verbose fstream_path /usr/local/lib/node_modules/webpack
50 verbose fstream_type Directory
51 verbose fstream_class DirWriter
52 verbose stack Error: EACCES: permission denied, mkdir '/usr/local/lib/node_modules/webpack'
52 verbose stack     at Error (native)
53 verbose fstream_stack /usr/local/lib/node_modules/npm/node_modules/fstream/lib/dir-writer.js:35:25
53 verbose fstream_stack /usr/local/lib/node_modules/npm/node_modules/mkdirp/index.js:47:53
53 verbose fstream_stack FSReqWrap.oncomplete (fs.js:82:15)
54 verbose cwd /Users/anna/Desktop/pirateStocks
55 error Darwin 15.0.0
56 error argv "/usr/local/bin/node" "/usr/local/bin/npm" "install" "webpack" "-g"
57 error node v4.2.4
58 error npm  v2.14.12
59 error path /usr/local/lib/node_modules/webpack
60 error code EACCES
61 error errno -13
62 error syscall mkdir
63 error Error: EACCES: permission denied, mkdir '/usr/local/lib/node_modules/webpack'
63 error     at Error (native)
63 error  { [Error: EACCES: permission denied, mkdir '/usr/local/lib/node_modules/webpack']
63 error   errno: -13,
63 error   code: 'EACCES',
63 error   syscall: 'mkdir',
63 error   path: '/usr/local/lib/node_modules/webpack',
63 error   fstream_type: 'Directory',
63 error   fstream_path: '/usr/local/lib/node_modules/webpack',
63 error   fstream_class: 'DirWriter',
63 error   fstream_stack:
63 error    [ '/usr/local/lib/node_modules/npm/node_modules/fstream/lib/dir-writer.js:35:25',
63 error      '/usr/local/lib/node_modules/npm/node_modules/mkdirp/index.js:47:53',
63 error      'FSReqWrap.oncomplete (fs.js:82:15)' ] }
64 error Please try running this command again as root/Administrator.
65 verbose exit [ -13, true ]
66 verbose unbuild lib/node_modules/webpack
67 silly gentlyRm /usr/local/lib/node_modules/webpack is being purged from base /usr/local
68 verbose gentlyRm don't care about contents; nuking /usr/local/lib/node_modules/webpack
